<?xml version="1.0" encoding="UTF-8"?>
<!-- Generated by org.testng.reporters.JUnitReportReporter -->
<testsuite hostname="Nimishas-MacBook-Pro.local" failures="0" tests="3" name="com.infostretch.kayak.testcases.SearchFlights" time="68.709" errors="0" timestamp="2020-04-23T20:28:40 PDT" skipped="0">
  <testcase classname="com.infostretch.kayak.testcases.SearchFlights" name="searchFlights" time="29.032"/>
  <system-out/>
  <testcase classname="com.infostretch.kayak.testcases.SearchFlights" name="searchFlights" time="19.753"/>
  <system-out/>
  <testcase classname="com.infostretch.kayak.testcases.SearchFlights" name="searchFlights" time="19.924"/>
  <system-out/>
</testsuite> <!-- com.infostretch.kayak.testcases.SearchFlights -->
