<?xml version="1.0" encoding="UTF-8"?>
<!-- Generated by org.testng.reporters.JUnitReportReporter -->
<testsuite hostname="Nimishas-MacBook-Pro.local" failures="0" tests="1" name="com.infostretch.kayak.testcases.SearchHotels" time="9.830" errors="0" timestamp="2020-04-24T13:34:52 PDT" skipped="0">
  <testcase classname="com.infostretch.kayak.testcases.SearchHotels" name="searchHotles" time="9.830"/>
  <system-out/>
</testsuite> <!-- com.infostretch.kayak.testcases.SearchHotels -->
