<?xml version="1.0" encoding="UTF-8"?>
<!-- Generated by org.testng.reporters.JUnitReportReporter -->
<testsuite hostname="Nimishas-MacBook-Pro.local" failures="0" tests="3" name="com.infostretch.kayak.testcases.SearchFlights" time="72.878" errors="0" timestamp="2020-04-25T07:19:43 PDT" skipped="0">
  <testcase classname="com.infostretch.kayak.testcases.SearchFlights" name="searchFlights" time="21.965"/>
  <system-out/>
  <testcase classname="com.infostretch.kayak.testcases.SearchFlights" name="searchFlights" time="22.686"/>
  <system-out/>
  <testcase classname="com.infostretch.kayak.testcases.SearchFlights" name="searchFlights" time="28.227"/>
  <system-out/>
</testsuite> <!-- com.infostretch.kayak.testcases.SearchFlights -->
